Started by user Arvind
Building in workspace F:\Automation_Practices\FinalProject
[FinalProject] $ cmd.exe /C "mvn -f F:\Automation_Practices\FinalProject\pom.xml clean install && exit %%ERRORLEVEL%%"
[INFO] Scanning for projects...
[INFO] 
[INFO] --------------------< com.bdd.project:FinalProject >--------------------
[INFO] Building FinalProject 0.0.1-SNAPSHOT
[INFO] --------------------------------[ jar ]---------------------------------
[INFO] 
[INFO] --- maven-clean-plugin:2.5:clean (default-clean) @ FinalProject ---
[INFO] Deleting F:\Automation_Practices\FinalProject\target
[INFO] 
[INFO] --- maven-resources-plugin:2.6:resources (default-resources) @ FinalProject ---
[WARNING] Using platform encoding (Cp1252 actually) to copy filtered resources, i.e. build is platform dependent!
[INFO] Copying 0 resource
[INFO] 
[INFO] --- maven-compiler-plugin:3.7.0:compile (default-compile) @ FinalProject ---
[INFO] Nothing to compile - all classes are up to date
[INFO] 
[INFO] --- maven-resources-plugin:2.6:testResources (default-testResources) @ FinalProject ---
[WARNING] Using platform encoding (Cp1252 actually) to copy filtered resources, i.e. build is platform dependent!
[INFO] Copying 4 resources
[INFO] 
[INFO] --- maven-compiler-plugin:3.7.0:testCompile (default-testCompile) @ FinalProject ---
[INFO] Changes detected - recompiling the module!
[WARNING] File encoding has not been set, using platform encoding Cp1252, i.e. build is platform dependent!
[INFO] Compiling 9 source files to F:\Automation_Practices\FinalProject\target\test-classes
[INFO] /F:/Automation_Practices/FinalProject/src/test/java/com/mindtree/pages/CentToFahApplicationPage.java: Some input files use or override a deprecated API.
[INFO] /F:/Automation_Practices/FinalProject/src/test/java/com/mindtree/pages/CentToFahApplicationPage.java: Recompile with -Xlint:deprecation for details.
[INFO] 
[INFO] --- maven-surefire-plugin:2.22.0:test (default-test) @ FinalProject ---
[INFO] 
[INFO] -------------------------------------------------------
[INFO]  T E S T S
[INFO] -------------------------------------------------------
[INFO] Running com.mindtree.runner.TestRunner
@TemperatureConverter
Feature: I want to convert the given centigrade temperature value into
Fahrenheit value through a standard java program and an online converter application

  @ConverterViaStandardJavaPrgram
  Scenario Outline: Centigrade to Fahrenheit Converter through standard java program # src/test/resources/features/centToFahConverter.feature:7
    Given Given centigrade value as <centigradeValue> to convert into fahrenheit
    When convert the Centigrade value into Fahrenheit
    Then check <FahrenheitValue> in output as expected

    Examples: 

  @TemperatureConverter @ConverterViaStandardJavaPrgram
  Scenario Outline: Centigrade to Fahrenheit Converter through standard java program # src/test/resources/features/centToFahConverter.feature:14
    Given Given centigrade value as 28.5 to convert into fahrenheit                  # CentToFahStepDefs.givenCentValueToConvertFah(double)
    When convert the Centigrade value into Fahrenheit                                # CentToFahStepDefs.convert_the_centigrade_value_into_fahrenheit()
Centigrade to Fahrenheit converted successfully
    Then check 83.3 in output as expected                                            # CentToFahStepDefs.checkConvertedValue(double)

  @TemperatureConverter @ConverterViaStandardJavaPrgram
  Scenario Outline: Centigrade to Fahrenheit Converter through standard java program # src/test/resources/features/centToFahConverter.feature:15
    Given Given centigrade value as 30.0 to convert into fahrenheit                  # CentToFahStepDefs.givenCentValueToConvertFah(double)
    When convert the Centigrade value into Fahrenheit                                # CentToFahStepDefs.convert_the_centigrade_value_into_fahrenheit()
Centigrade to Fahrenheit converted successfully
    Then check 86.0 in output as expected                                            # CentToFahStepDefs.checkConvertedValue(double)

  @TemperatureConverter @ConverterViaStandardJavaPrgram
  Scenario Outline: Centigrade to Fahrenheit Converter through standard java program # src/test/resources/features/centToFahConverter.feature:16
    Given Given centigrade value as 56.0 to convert into fahrenheit                  # CentToFahStepDefs.givenCentValueToConvertFah(double)
    When convert the Centigrade value into Fahrenheit                                # CentToFahStepDefs.convert_the_centigrade_value_into_fahrenheit()
Centigrade to Fahrenheit converted successfully
    Then check 132.8 in output as expected                                           # CentToFahStepDefs.checkConvertedValue(double)

  @ConverterApplication
  Scenario Outline: Centigrade to Fahrenheit Converter through Application # src/test/resources/features/centToFahConverter.feature:19
    Given lanuch "<convertorApplication>" Application
    Then page should contains title
    When provide <centigradeValue> value
    And click on convert button
    Then check <FahrenheitValue> in output box as expected

    Examples: 

  @TemperatureConverter @ConverterApplication
  Scenario Outline: Centigrade to Fahrenheit Converter through Application                                # src/test/resources/features/centToFahConverter.feature:32
1537610387252	geckodriver	INFO	geckodriver 0.21.0 (c7d3022be6420de1ca4076d932aa32b299f3ea10 2018-06-14)
1537610387299	geckodriver	INFO	Listening on 127.0.0.1:36298
1537610388529	mozrunner::runner	INFO	Running command: "C:\\Program Files\\Mozilla Firefox\\firefox.exe" "-marionette" "-foreground" "-no-remote" "-profile" "C:\\Users\\India\\AppData\\Local\\Temp\\rust_mozprofile.Fvf89nkDjOwW"
Unable to read VR Path Registry from C:\Users\India\AppData\Local\openvr\openvrpaths.vrpath
Unable to read VR Path Registry from C:\Users\India\AppData\Local\openvr\openvrpaths.vrpath
Unable to read VR Path Registry from C:\Users\India\AppData\Local\openvr\openvrpaths.vrpath
Unable to read VR Path Registry from C:\Users\India\AppData\Local\openvr\openvrpaths.vrpath
Unable to read VR Path Registry from C:\Users\India\AppData\Local\openvr\openvrpaths.vrpath
1537610398430	Marionette	INFO	Listening on port 52005
1537610398569	Marionette	WARN	TLS certificate errors will be ignored for this session
Sep 22, 2018 3:29:58 PM org.openqa.selenium.remote.ProtocolHandshake createSession
INFO: Detected dialect: W3C
JavaScript warning: https://www.googletagmanager.com/gtag/js?id=UA-2665076-2, line 74: unreachable code after return statement
JavaScript warning: https://www.googletagmanager.com/gtag/js?id=UA-2665076-2, line 74: unreachable code after return statement
    Given lanuch "https://www.rapidtables.com/convert/temperature/celsius-to-fahrenheit.html" Application # CentToFahApplicationStepDefs.lanuch_Application(String)
    Then page should contains title                                                                       # CentToFahApplicationStepDefs.page_should_contains_title(String)
    When provide 28.5 value                                                                               # CentToFahApplicationStepDefs.provide_value(Double)
    And click on convert button                                                                           # CentToFahApplicationStepDefs.click_on_convert_button()
83.3
    Then check 83.3 in output box as expected                                                             # CentToFahApplicationStepDefs.check_in_output_box(Double)
[Child 5808, Chrome_ChildThread] WARNING: pipe error: 109: file z:/build/build/src/ipc/chromium/src/chrome/common/ipc_channel_win.cc, line 346
[Child 5808, Chrome_ChildThread] WARNING: pipe error: 109: file z:/build/build/src/ipc/chromium/src/chrome/common/ipc_channel_win.cc, line 346
[Parent 4188, Gecko_IOThread] WARNING: pipe error: 109: file z:/build/build/src/ipc/chromium/src/chrome/common/ipc_channel_win.cc, line 346
[Parent 4188, Gecko_IOThread] WARNING: pipe error: 109: file z:/build/build/src/ipc/chromium/src/chrome/common/ipc_channel_win.cc, line 346
*** UTM:SVC TimerManager:registerTimer called after profile-before-change notification. Ignoring timer registration for id: telemetry_modules_ping

###!!! [Child][MessageChannel::SendAndWait] Error: Channel error: cannot send/recv


  @TemperatureConverter @ConverterApplication
  Scenario Outline: Centigrade to Fahrenheit Converter through Application                                # src/test/resources/features/centToFahConverter.feature:33
1537610430672	geckodriver	INFO	geckodriver 0.21.0 (c7d3022be6420de1ca4076d932aa32b299f3ea10 2018-06-14)
1537610430706	geckodriver	INFO	Listening on 127.0.0.1:13575
1537610431805	mozrunner::runner	INFO	Running command: "C:\\Program Files\\Mozilla Firefox\\firefox.exe" "-marionette" "-foreground" "-no-remote" "-profile" "C:\\Users\\India\\AppData\\Local\\Temp\\rust_mozprofile.05YQX58NLMev"
Unable to read VR Path Registry from C:\Users\India\AppData\Local\openvr\openvrpaths.vrpath
Unable to read VR Path Registry from C:\Users\India\AppData\Local\openvr\openvrpaths.vrpath
Unable to read VR Path Registry from C:\Users\India\AppData\Local\openvr\openvrpaths.vrpath
Unable to read VR Path Registry from C:\Users\India\AppData\Local\openvr\openvrpaths.vrpath
Unable to read VR Path Registry from C:\Users\India\AppData\Local\openvr\openvrpaths.vrpath
1537610442602	Marionette	INFO	Listening on port 52124
1537610443139	Marionette	WARN	TLS certificate errors will be ignored for this session
Sep 22, 2018 3:30:43 PM org.openqa.selenium.remote.ProtocolHandshake createSession
INFO: Detected dialect: W3C
JavaScript warning: https://www.googletagmanager.com/gtag/js?id=UA-2665076-2, line 74: unreachable code after return statement
JavaScript warning: https://www.googletagmanager.com/gtag/js?id=UA-2665076-2, line 74: unreachable code after return statement
    Given lanuch "https://www.rapidtables.com/convert/temperature/celsius-to-fahrenheit.html" Application # CentToFahApplicationStepDefs.lanuch_Application(String)
    Then page should contains title                                                                       # CentToFahApplicationStepDefs.page_should_contains_title(String)
    When provide 30.0 value                                                                               # CentToFahApplicationStepDefs.provide_value(Double)
    And click on convert button                                                                           # CentToFahApplicationStepDefs.click_on_convert_button()
86
    Then check 86.0 in output box as expected                                                             # CentToFahApplicationStepDefs.check_in_output_box(Double)
[Parent 8532, Gecko_IOThread] WARNING: pipe error: 109: file z:/build/build/src/ipc/chromium/src/chrome/common/ipc_channel_win.cc, line 346
[Child 5872, Chrome_ChildThread] WARNING: pipe error: 109: file z:/build/build/src/ipc/chromium/src/chrome/common/ipc_channel_win.cc, line 346
[Child 5872, Chrome_ChildThread] WARNING: pipe error: 109: file z:/build/build/src/ipc/chromium/src/chrome/common/ipc_channel_win.cc, line 346
[Child 6816, Chrome_ChildThread] WARNING: pipe error: 109: file z:/build/build/src/ipc/chromium/src/chrome/common/ipc_channel_win.cc, line 346
[Child 6816, Chrome_ChildThread] WARNING: pipe error: 109: file z:/build/build/src/ipc/chromium/src/chrome/common/ipc_channel_win.cc, line 346
[Parent 8532, Gecko_IOThread] WARNING: pipe error: 109: file z:/build/build/src/ipc/chromium/src/chrome/common/ipc_channel_win.cc, line 346
*** UTM:SVC TimerManager:registerTimer called after profile-before-change notification. Ignoring timer registration for id: telemetry_modules_ping

###!!! [Child][MessageChannel::SendAndWait] Error: Channel error: cannot send/recv


  @TemperatureConverter @ConverterApplication
  Scenario Outline: Centigrade to Fahrenheit Converter through Application                                # src/test/resources/features/centToFahConverter.feature:34
1537610462368	geckodriver	INFO	geckodriver 0.21.0 (c7d3022be6420de1ca4076d932aa32b299f3ea10 2018-06-14)
1537610462406	geckodriver	INFO	Listening on 127.0.0.1:42201
1537610462805	mozrunner::runner	INFO	Running command: "C:\\Program Files\\Mozilla Firefox\\firefox.exe" "-marionette" "-foreground" "-no-remote" "-profile" "C:\\Users\\India\\AppData\\Local\\Temp\\rust_mozprofile.o2gSS8IubmBv"
Unable to read VR Path Registry from C:\Users\India\AppData\Local\openvr\openvrpaths.vrpath
Unable to read VR Path Registry from C:\Users\India\AppData\Local\openvr\openvrpaths.vrpath
Unable to read VR Path Registry from C:\Users\India\AppData\Local\openvr\openvrpaths.vrpath
Unable to read VR Path Registry from C:\Users\India\AppData\Local\openvr\openvrpaths.vrpath
Unable to read VR Path Registry from C:\Users\India\AppData\Local\openvr\openvrpaths.vrpath
1537610474606	Marionette	INFO	Listening on port 52238
1537610475277	Marionette	WARN	TLS certificate errors will be ignored for this session
Sep 22, 2018 3:31:15 PM org.openqa.selenium.remote.ProtocolHandshake createSession
INFO: Detected dialect: W3C
JavaScript warning: https://www.googletagmanager.com/gtag/js?id=UA-2665076-2, line 74: unreachable code after return statement
JavaScript warning: https://www.googletagmanager.com/gtag/js?id=UA-2665076-2, line 74: unreachable code after return statement
    Given lanuch "https://www.rapidtables.com/convert/temperature/celsius-to-fahrenheit.html" Application # CentToFahApplicationStepDefs.lanuch_Application(String)
    Then page should contains title                                                                       # CentToFahApplicationStepDefs.page_should_contains_title(String)
    When provide 56.0 value                                                                               # CentToFahApplicationStepDefs.provide_value(Double)
    And click on convert button                                                                           # CentToFahApplicationStepDefs.click_on_convert_button()
132.8
    Then check 132.8 in output box as expected                                                            # CentToFahApplicationStepDefs.check_in_output_box(Double)
[Parent 8752, Gecko_IOThread] WARNING: pipe error: 109: file z:/build/build/src/ipc/chromium/src/chrome/common/ipc_channel_win.cc, line 346
[Parent 8752, Gecko_IOThread] WARNING: pipe error: 109: file z:/build/build/src/ipc/chromium/src/chrome/common/ipc_channel_win.cc, line 346
[Parent 8752, Gecko_IOThread] WARNING: pipe error: 109: file z:/build/build/src/ipc/chromium/src/chrome/common/ipc_channel_win.cc, line 346
*** UTM:SVC TimerManager:registerTimer called after profile-before-change notification. Ignoring timer registration for id: telemetry_modules_ping

###!!! [Child][MessageChannel::SendAndWait] Error: Channel error: cannot send/recv


@restApi
Feature: Search the git hub repository using keyword

  @gitRepoSearch
  Scenario Outline: Verify the search functionality in git hub repository using keyword # src/test/resources/features/rest-api.feature:6
    Given user search repository by "<keyword>"
    When user hits the request
    Then response should be return <responseCode> code

    Examples: 

  @restApi @gitRepoSearch
  Scenario Outline: Verify the search functionality in git hub repository using keyword # src/test/resources/features/rest-api.feature:13
    Given user search repository by "cucumber"                                          # RestApiStepDefs.user_search_repository_by(String)
okhttp3.internal.http.RealResponseBody@5b1ebf56
    When user hits the request                                                          # RestApiStepDefs.hitTheRequest()
    Then response should be return 200 code                                             # RestApiStepDefs.response_should_contain(Integer)

  @restApi @gitRepoSearch
  Scenario Outline: Verify the search functionality in git hub repository using keyword # src/test/resources/features/rest-api.feature:14
    Given user search repository by "Anuglar4"                                          # RestApiStepDefs.user_search_repository_by(String)
okhttp3.internal.http.RealResponseBody@28ec166e
    When user hits the request                                                          # RestApiStepDefs.hitTheRequest()
    Then response should be return 200 code                                             # RestApiStepDefs.response_should_contain(Integer)

  @restApi @gitRepoSearch
  Scenario Outline: Verify the search functionality in git hub repository using keyword # src/test/resources/features/rest-api.feature:15
    Given user search repository by "Java"                                              # RestApiStepDefs.user_search_repository_by(String)
okhttp3.internal.http.RealResponseBody@363042d7
    When user hits the request                                                          # RestApiStepDefs.hitTheRequest()
    Then response should be return 200 code                                             # RestApiStepDefs.response_should_contain(Integer)

9 Scenarios (9 passed)
33 Steps (33 passed)
1m58.552s

[INFO] Tests run: 9, Failures: 0, Errors: 0, Skipped: 0, Time elapsed: 120.312 s - in com.mindtree.runner.TestRunner
[INFO] 
[INFO] Results:
[INFO] 
[INFO] Tests run: 9, Failures: 0, Errors: 0, Skipped: 0
[INFO] 
[INFO] 
[INFO] --- maven-jar-plugin:2.4:jar (default-jar) @ FinalProject ---
[INFO] Building jar: F:\Automation_Practices\FinalProject\target\FinalProject-0.0.1-SNAPSHOT.jar
[INFO] 
[INFO] --- maven-install-plugin:2.4:install (default-install) @ FinalProject ---
[INFO] Installing F:\Automation_Practices\FinalProject\target\FinalProject-0.0.1-SNAPSHOT.jar to C:\Users\India\.m2\repository\com\bdd\project\FinalProject\0.0.1-SNAPSHOT\FinalProject-0.0.1-SNAPSHOT.jar
[INFO] Installing F:\Automation_Practices\FinalProject\pom.xml to C:\Users\India\.m2\repository\com\bdd\project\FinalProject\0.0.1-SNAPSHOT\FinalProject-0.0.1-SNAPSHOT.pom
[INFO] ------------------------------------------------------------------------
[INFO] BUILD SUCCESS
[INFO] ------------------------------------------------------------------------
[INFO] Total time: 02:29 min
[INFO] Finished at: 2018-09-22T15:31:47+05:30
[INFO] ------------------------------------------------------------------------
[htmlpublisher] Archiving HTML reports...
[htmlpublisher] Archiving at BUILD level F:\Automation_Practices\FinalProject\Jenkins to C:\Users\India\.jenkins\jobs\BDD\builds\10\htmlreports\HTML_20Report
ERROR: Directory 'F:\Automation_Practices\FinalProject\Jenkins' exists but failed copying to 'C:\Users\India\.jenkins\jobs\BDD\builds\10\htmlreports\HTML_20Report'.
ERROR: This is especially strange since your build otherwise succeeded.
Build step 'Publish HTML reports' changed build result to FAILURE
Publishing Selenium report...
Copying the reports.
parsing resultFile cucumber-reports\index.html
Unable to parse cucumber-reports\index.html: java.io.IOException: org.xml.sax.SAXParseException; systemId: file:/C:/Users/India/.jenkins/jobs/BDD/builds/10/seleniumReports/cucumber-reports/index.html; lineNumber: 10; columnNumber: 5; The element type "link" must be terminated by the matching end-tag "</link>".
Set result to FAILURE
TestNG Reports Processing: START
Looking for TestNG results report in workspace using pattern: **/testng-results.xml
Did not find any matching files.
Finished: FAILURE
